#
# A fatal error has been detected by the Java Runtime Environment:
#
#  EXCEPTION_ACCESS_VIOLATION (0xc0000005) at pc=0x0000000050d57cbf, pid=2456, tid=7060
#
# JRE version: Java(TM) SE Runtime Environment (9.0+181) (build 9+181)
# Java VM: Java HotSpot(TM) 64-Bit Server VM (9+181, mixed mode, tiered, compressed oops, g1 gc, windows-amd64)
# Problematic frame:
# V  [jvm.dll+0x217cbf]
#
# No core dump will be written. Minidumps are not enabled by default on client versions of Windows
#
# If you would like to submit a bug report, please visit:
#   http://bugreport.java.com/bugreport/crash.jsp
#

---------------  S U M M A R Y ------------

Command Line: -agentlib:jdwp=transport=dt_socket,address=127.0.0.1:58175,suspend=y,server=n -Dfile.encoding=UTF-8 Main

Host: Intel(R) Core(TM) i5-7300HQ CPU @ 2.50GHz, 4 cores, 7G,  Windows 10 , 64 bit Build 15063 (10.0.15063.296)
Time: Fri Mar 09 16:15:35 2018 ?D1¨²¡À¨º¡Á?¨º¡À?? elapsed time: 130 seconds (0d 0h 2m 10s)

---------------  T H R E A D  ---------------

Current thread (0x0000019e48d94000):  VMThread "VM Thread" [stack: 0x00000054e0b00000,0x00000054e0c00000] [id=7060]

Stack: [0x00000054e0b00000,0x00000054e0c00000],  sp=0x00000054e0bfea98,  free space=1018k
Native frames: (J=compiled Java code, j=interpreted, Vv=VM code, C=native code)
V  [jvm.dll+0x217cbf]


siginfo: EXCEPTION_ACCESS_VIOLATION (0xc0000005), reading address 0x0000019e48a54ab8


Register to memory mapping:

RIP=0x0000000050d57cbf jvm.dll
RAX=0x0000000000194060 is an unknown value
RBX=0x0000000000000000 is an unknown value
RCX=0x0000019e488c0a48 is pointing into metadata
RDX=0x000000000000ca03 is an unknown value
RSP=0x00000054e0bfea98 is an unknown value
RBP=0x00000054e0bfeff0 is an unknown value
RSI=0x00000054e0bff180 is an unknown value
RDI=0x00000054e0bff180 is an unknown value
R8 =0x0000000000000000 is an unknown value
R9 =0x0000019e488c0520 is pointing into metadata
R10=0x0000019e48fc4a04 is an unknown value
R11=0x00000054e0bfef30 is an unknown value
R12=0x00000054e0bff301 is an unknown value
R13=0x0000000000000000 is an unknown value
R14=0x0000000000000005 is an unknown value
R15=0x00000000000000c8 is an unknown value


Registers:
RAX=0x0000000000194060, RBX=0x0000000000000000, RCX=0x0000019e488c0a48, RDX=0x000000000000ca03
RSP=0x00000054e0bfea98, RBP=0x00000054e0bfeff0, RSI=0x00000054e0bff180, RDI=0x00000054e0bff180
R8 =0x0000000000000000, R9 =0x0000019e488c0520, R10=0x0000019e48fc4a04, R11=0x00000054e0bfef30
R12=0x00000054e0bff301, R13=0x0000000000000000, R14=0x0000000000000005, R15=0x00000000000000c8
RIP=0x0000000050d57cbf, EFLAGS=0x0000000000010206

Top of Stack: (sp=0x00000054e0bfea98)
0x00000054e0bfea98:   0000000050e34320 0000000000000001
0x00000054e0bfeaa8:   00000054e0bff180 00000054e0bfeb10
0x00000054e0bfeab8:   0000000000000000 0000000000000000
0x00000054e0bfeac8:   0000000000000000 00000000512defc8
0x00000054e0bfead8:   0000019e48452e60 0000000000000003
0x00000054e0bfeae8:   000000540000000c 00000054e0bfeb10
0x00000054e0bfeaf8:   0000000000000001 000000004600002b
0x00000054e0bfeb08:   000000005113fa38 000000002fffffff
0x00000054e0bfeb18:   0000019e48452f28 0000000000000002
0x00000054e0bfeb28:   000000000000000e 00000054e0bfeb50
0x00000054e0bfeb38:   0000000000000001 0000000000000000
0x00000054e0bfeb48:   00000054e0bff220 000000004fffffff
0x00000054e0bfeb58:   0000000000000000 00000054e0bff180
0x00000054e0bfeb68:   000000005113fe1c 00000054e0bfebd0
0x00000054e0bfeb78:   0000019e48453a90 0000000000000004
0x00000054e0bfeb88:   000000000000000a 00000054e0bff180 

Instructions: (pc=0x0000000050d57cbf)
0x0000000050d57c9f:   74 3e 85 d2 79 13 f7 d2 48 63 c2 48 c1 e0 05 48
0x0000000050d57caf:   8b 44 08 10 0f b7 c0 eb 12 48 63 c2 48 c1 e0 05
0x0000000050d57cbf:   48 8b 44 08 10 0f b7 d0 48 63 c2 41 0f b7 4c c1
0x0000000050d57ccf:   4a 48 63 c1 41 0f b7 44 c1 4a 49 8b 44 c1 48 c3 


VM_Operation (0x00000054e15ff4c0): GetOrSetLocal, mode: safepoint, requested by thread 0x0000019e49055000


---------------  P R O C E S S  ---------------

Java Threads: ( => current thread )
  0x0000019e49089000 JavaThread "Service Thread" daemon [_thread_blocked, id=12556, stack(0x00000054e1800000,0x00000054e1900000)]
  0x0000019e4906c800 JavaThread "JDWP Command Reader" daemon [_thread_in_native, id=1600, stack(0x00000054e1700000,0x00000054e1800000)]
  0x0000019e4906c000 JavaThread "JDWP Event Helper Thread" daemon [_thread_blocked, id=11100, stack(0x00000054e1600000,0x00000054e1700000)]
  0x0000019e49055000 JavaThread "JDWP Transport Listener: dt_socket" daemon [_thread_blocked, id=2212, stack(0x00000054e1500000,0x00000054e1600000)]
  0x0000019e48f29800 JavaThread "Common-Cleaner" daemon [_thread_blocked, id=1592, stack(0x00000054e1400000,0x00000054e1500000)]
  0x0000019e48e89000 JavaThread "Sweeper thread" daemon [_thread_blocked, id=10444, stack(0x00000054e1300000,0x00000054e1400000)]
  0x0000019e48e12800 JavaThread "C1 CompilerThread2" daemon [_thread_blocked, id=6372, stack(0x00000054e1200000,0x00000054e1300000)]
  0x0000019e48e11000 JavaThread "C2 CompilerThread1" daemon [_thread_blocked, id=9568, stack(0x00000054e1100000,0x00000054e1200000)]
  0x0000019e48e0c000 JavaThread "C2 CompilerThread0" daemon [_thread_blocked, id=14380, stack(0x00000054e1000000,0x00000054e1100000)]
  0x0000019e48da4000 JavaThread "Attach Listener" daemon [_thread_blocked, id=7992, stack(0x00000054e0f00000,0x00000054e1000000)]
  0x0000019e48da3000 JavaThread "Signal Dispatcher" daemon [_thread_blocked, id=2112, stack(0x00000054e0e00000,0x00000054e0f00000)]
  0x0000019e48dac000 JavaThread "Finalizer" daemon [_thread_blocked, id=11556, stack(0x00000054e0d00000,0x00000054e0e00000)]
  0x0000019e48da8000 JavaThread "Reference Handler" daemon [_thread_blocked, id=13596, stack(0x00000054e0c00000,0x00000054e0d00000)]
  0x0000019e25570000 JavaThread "main" [_thread_blocked, id=10112, stack(0x00000054dff00000,0x00000054e0000000)]

Other Threads:
=>0x0000019e48d94000 VMThread "VM Thread" [stack: 0x00000054e0b00000,0x00000054e0c00000] [id=7060]
  0x0000019e4908a800 WatcherThread [stack: 0x00000054e1900000,0x00000054e1a00000] [id=3956]
  0x0000019e25588000 GCTaskThread "GC Thread#0" [stack: 0x00000054e0000000,0x00000054e0100000] [id=6684]
  0x0000019e25589800 GCTaskThread "GC Thread#1" [stack: 0x00000054e0100000,0x00000054e0200000] [id=13360]
  0x0000019e2558b800 GCTaskThread "GC Thread#2" [stack: 0x00000054e0200000,0x00000054e0300000] [id=13964]
  0x0000019e2558d800 GCTaskThread "GC Thread#3" [stack: 0x00000054e0300000,0x00000054e0400000] [id=1784]
  0x0000019e255ff000 ConcurrentGCThread "G1 Main Marker" [stack: 0x00000054e0900000,0x00000054e0a00000] [id=13524]
  0x0000019e25600800 ConcurrentGCThread "G1 Marker#0" [stack: 0x00000054e0a00000,0x00000054e0b00000] [id=15004]
  0x0000019e25595000 ConcurrentGCThread "G1 Refine#0" [stack: 0x00000054e0700000,0x00000054e0800000] [id=17228]
  0x0000019e25593800 ConcurrentGCThread "G1 Refine#1" [stack: 0x00000054e0600000,0x00000054e0700000] [id=1292]
  0x0000019e25592800 ConcurrentGCThread "G1 Refine#2" [stack: 0x00000054e0500000,0x00000054e0600000] [id=836]
  0x0000019e2558f000 ConcurrentGCThread "G1 Refine#3" [stack: 0x00000054e0400000,0x00000054e0500000] [id=12376]
  0x0000019e25596800 ConcurrentGCThread "G1 Young RemSet Sampling" [stack: 0x00000054e0800000,0x00000054e0900000] [id=17080]

Threads with active compile tasks:

VM state:at safepoint (normal execution)

VM Mutex/Monitor currently owned by a thread:  ([mutex/lock_event])
[0x0000019e2556d590] Threads_lock - owner thread: 0x0000019e48d94000

Heap address: 0x0000000082400000, size: 2012 MB, Compressed Oops mode: 32-bit
Narrow klass base: 0x0000000000000000, Narrow klass shift: 3
Compressed class space size: 1073741824 Address: 0x0000000100000000

Heap:
 garbage-first heap   total 129024K, used 2048K [0x0000000082400000, 0x00000000825003f0, 0x0000000100000000)
  region size 1024K, 3 young (3072K), 0 survivors (0K)
 Metaspace       used 4229K, capacity 4500K, committed 4864K, reserved 1056768K
  class space    used 375K, capacity 388K, committed 512K, reserved 1048576K
Heap Regions: E=young(eden), S=young(survivor), O=old, HS=humongous(starts), HC=humongous(continues), CS=collection set, F=free, A=archive, TS=gc time stamp, AC=allocation context, TAMS=top-at-mark-start (previous, next)
|   0|0x0000000082400000, 0x0000000082400000, 0x0000000082500000|  0%| F|  |TS  0|AC  0|TAMS 0x0000000082400000, 0x0000000082400000|
|   1|0x0000000082500000, 0x0000000082500000, 0x0000000082600000|  0%| F|  |TS  0|AC  0|TAMS 0x0000000082500000, 0x0000000082500000|
|   2|0x0000000082600000, 0x0000000082600000, 0x0000000082700000|  0%| F|  |TS  0|AC  0|TAMS 0x0000000082600000, 0x0000000082600000|
|   3|0x0000000082700000, 0x0000000082700000, 0x0000000082800000|  0%| F|  |TS  0|AC  0|TAMS 0x0000000082700000, 0x0000000082700000|
|   4|0x0000000082800000, 0x0000000082800000, 0x0000000082900000|  0%| F|  |TS  0|AC  0|TAMS 0x0000000082800000, 0x0000000082800000|
|   5|0x0000000082900000, 0x0000000082900000, 0x0000000082a00000|  0%| F|  |TS  0|AC  0|TAMS 0x0000000082900000, 0x0000000082900000|
|   6|0x0000000082a00000, 0x0000000082a00000, 0x0000000082b00000|  0%| F|  |TS  0|AC  0|TAMS 0x0000000082a00000, 0x0000000082a00000|
|   7|0x0000000082b00000, 0x0000000082b00000, 0x0000000082c00000|  0%| F|  |TS  0|AC  0|TAMS 0x0000000082b00000, 0x0000000082b00000|
|   8|0x0000000082c00000, 0x0000000082c00000, 0x0000000082d00000|  0%| F|  |TS  0|AC  0|TAMS 0x0000000082c00000, 0x0000000082c00000|
|   9|0x0000000082d00000, 0x0000000082d00000, 0x0000000082e00000|  0%| F|  |TS  0|AC  0|TAMS 0x0000000082d00000, 0x0000000082d00000|
|  10|0x0000000082e00000, 0x0000000082e00000, 0x0000000082f00000|  0%| F|  |TS  0|AC  0|TAMS 0x0000000082e00000, 0x0000000082e00000|
|  11|0x0000000082f00000, 0x0000000082f00000, 0x0000000083000000|  0%| F|  |TS  0|AC  0|TAMS 0x0000000082f00000, 0x0000000082f00000|
|  12|0x0000000083000000, 0x0000000083000000, 0x0000000083100000|  0%| F|  |TS  0|AC  0|TAMS 0x0000000083000000, 0x0000000083000000|
|  13|0x0000000083100000, 0x0000000083100000, 0x0000000083200000|  0%| F|  |TS  0|AC  0|TAMS 0x0000000083100000, 0x0000000083100000|
|  14|0x0000000083200000, 0x0000000083200000, 0x0000000083300000|  0%| F|  |TS  0|AC  0|TAMS 0x0000000083200000, 0x0000000083200000|
|  15|0x0000000083300000, 0x0000000083300000, 0x0000000083400000|  0%| F|  |TS  0|AC  0|TAMS 0x0000000083300000, 0x0000000083300000|
|  16|0x0000000083400000, 0x0000000083400000, 0x0000000083500000|  0%| F|  |TS  0|AC  0|TAMS 0x0000000083400000, 0x0000000083400000|
|  17|0x0000000083500000, 0x0000000083500000, 0x0000000083600000|  0%| F|  |TS  0|AC  0|TAMS 0x0000000083500000, 0x0000000083500000|
|  18|0x0000000083600000, 0x0000000083600000, 0x0000000083700000|  0%| F|  |TS  0|AC  0|TAMS 0x0000000083600000, 0x0000000083600000|
|  19|0x0000000083700000, 0x0000000083700000, 0x0000000083800000|  0%| F|  |TS  0|AC  0|TAMS 0x0000000083700000, 0x0000000083700000|
|  20|0x0000000083800000, 0x0000000083800000, 0x0000000083900000|  0%| F|  |TS  0|AC  0|TAMS 0x0000000083800000, 0x0000000083800000|
|  21|0x0000000083900000, 0x0000000083900000, 0x0000000083a00000|  0%| F|  |TS  0|AC  0|TAMS 0x0000000083900000, 0x0000000083900000|
|  22|0x0000000083a00000, 0x0000000083a00000, 0x0000000083b00000|  0%| F|  |TS  0|AC  0|TAMS 0x0000000083a00000, 0x0000000083a00000|
|  23|0x0000000083b00000, 0x0000000083b00000, 0x0000000083c00000|  0%| F|  |TS  0|AC  0|TAMS 0x0000000083b00000, 0x0000000083b00000|
|  24|0x0000000083c00000, 0x0000000083c00000, 0x0000000083d00000|  0%| F|  |TS  0|AC  0|TAMS 0x0000000083c00000, 0x0000000083c00000|
|  25|0x0000000083d00000, 0x0000000083d00000, 0x0000000083e00000|  0%| F|  |TS  0|AC  0|TAMS 0x0000000083d00000, 0x0000000083d00000|
|  26|0x0000000083e00000, 0x0000000083e00000, 0x0000000083f00000|  0%| F|  |TS  0|AC  0|TAMS 0x0000000083e00000, 0x0000000083e00000|
|  27|0x0000000083f00000, 0x0000000083f00000, 0x0000000084000000|  0%| F|  |TS  0|AC  0|TAMS 0x0000000083f00000, 0x0000000083f00000|
|  28|0x0000000084000000, 0x0000000084000000, 0x0000000084100000|  0%| F|  |TS  0|AC  0|TAMS 0x0000000084000000, 0x0000000084000000|
|  29|0x0000000084100000, 0x0000000084100000, 0x0000000084200000|  0%| F|  |TS  0|AC  0|TAMS 0x0000000084100000, 0x0000000084100000|
|  30|0x0000000084200000, 0x0000000084200000, 0x0000000084300000|  0%| F|  |TS  0|AC  0|TAMS 0x0000000084200000, 0x0000000084200000|
|  31|0x0000000084300000, 0x0000000084300000, 0x0000000084400000|  0%| F|  |TS  0|AC  0|TAMS 0x0000000084300000, 0x0000000084300000|
|  32|0x0000000084400000, 0x0000000084400000, 0x0000000084500000|  0%| F|  |TS  0|AC  0|TAMS 0x0000000084400000, 0x0000000084400000|
|  33|0x0000000084500000, 0x0000000084500000, 0x0000000084600000|  0%| F|  |TS  0|AC  0|TAMS 0x0000000084500000, 0x0000000084500000|
|  34|0x0000000084600000, 0x0000000084600000, 0x0000000084700000|  0%| F|  |TS  0|AC  0|TAMS 0x0000000084600000, 0x0000000084600000|
|  35|0x0000000084700000, 0x0000000084700000, 0x0000000084800000|  0%| F|  |TS  0|AC  0|TAMS 0x0000000084700000, 0x0000000084700000|
|  36|0x0000000084800000, 0x0000000084800000, 0x0000000084900000|  0%| F|  |TS  0|AC  0|TAMS 0x0000000084800000, 0x0000000084800000|
|  37|0x0000000084900000, 0x0000000084900000, 0x0000000084a00000|  0%| F|  |TS  0|AC  0|TAMS 0x0000000084900000, 0x0000000084900000|
|  38|0x0000000084a00000, 0x0000000084a00000, 0x0000000084b00000|  0%| F|  |TS  0|AC  0|TAMS 0x0000000084a00000, 0x0000000084a00000|
|  39|0x0000000084b00000, 0x0000000084b00000, 0x0000000084c00000|  0%| F|  |TS  0|AC  0|TAMS 0x0000000084b00000, 0x0000000084b00000|
|  40|0x0000000084c00000, 0x0000000084c00000, 0x0000000084d00000|  0%| F|  |TS  0|AC  0|TAMS 0x0000000084c00000, 0x0000000084c00000|
|  41|0x0000000084d00000, 0x0000000084d00000, 0x0000000084e00000|  0%| F|  |TS  0|AC  0|TAMS 0x0000000084d00000, 0x0000000084d00000|
|  42|0x0000000084e00000, 0x0000000084e00000, 0x0000000084f00000|  0%| F|  |TS  0|AC  0|TAMS 0x0000000084e00000, 0x0000000084e00000|
|  43|0x0000000084f00000, 0x0000000084f00000, 0x0000000085000000|  0%| F|  |TS  0|AC  0|TAMS 0x0000000084f00000, 0x0000000084f00000|
|  44|0x0000000085000000, 0x0000000085000000, 0x0000000085100000|  0%| F|  |TS  0|AC  0|TAMS 0x0000000085000000, 0x0000000085000000|
|  45|0x0000000085100000, 0x0000000085100000, 0x0000000085200000|  0%| F|  |TS  0|AC  0|TAMS 0x0000000085100000, 0x0000000085100000|
|  46|0x0000000085200000, 0x0000000085200000, 0x0000000085300000|  0%| F|  |TS  0|AC  0|TAMS 0x0000000085200000, 0x0000000085200000|
|  47|0x0000000085300000, 0x0000000085300000, 0x0000000085400000|  0%| F|  |TS  0|AC  0|TAMS 0x0000000085300000, 0x0000000085300000|
|  48|0x0000000085400000, 0x0000000085400000, 0x0000000085500000|  0%| F|  |TS  0|AC  0|TAMS 0x0000000085400000, 0x0000000085400000|
|  49|0x0000000085500000, 0x0000000085500000, 0x0000000085600000|  0%| F|  |TS  0|AC  0|TAMS 0x0000000085500000, 0x0000000085500000|
|  50|0x0000000085600000, 0x0000000085600000, 0x0000000085700000|  0%| F|  |TS  0|AC  0|TAMS 0x0000000085600000, 0x0000000085600000|
|  51|0x0000000085700000, 0x0000000085700000, 0x0000000085800000|  0%| F|  |TS  0|AC  0|TAMS 0x0000000085700000, 0x0000000085700000|
|  52|0x0000000085800000, 0x0000000085800000, 0x0000000085900000|  0%| F|  |TS  0|AC  0|TAMS 0x0000000085800000, 0x0000000085800000|
|  53|0x0000000085900000, 0x0000000085900000, 0x0000000085a00000|  0%| F|  |TS  0|AC  0|TAMS 0x0000000085900000, 0x0000000085900000|
|  54|0x0000000085a00000, 0x0000000085a00000, 0x0000000085b00000|  0%| F|  |TS  0|AC  0|TAMS 0x0000000085a00000, 0x0000000085a00000|
|  55|0x0000000085b00000, 0x0000000085b00000, 0x0000000085c00000|  0%| F|  |TS  0|AC  0|TAMS 0x0000000085b00000, 0x0000000085b00000|
|  56|0x0000000085c00000, 0x0000000085c00000, 0x0000000085d00000|  0%| F|  |TS  0|AC  0|TAMS 0x0000000085c00000, 0x0000000085c00000|
|  57|0x0000000085d00000, 0x0000000085d00000, 0x0000000085e00000|  0%| F|  |TS  0|AC  0|TAMS 0x0000000085d00000, 0x0000000085d00000|
|  58|0x0000000085e00000, 0x0000000085e00000, 0x0000000085f00000|  0%| F|  |TS  0|AC  0|TAMS 0x0000000085e00000, 0x0000000085e00000|
|  59|0x0000000085f00000, 0x0000000085f00000, 0x0000000086000000|  0%| F|  |TS  0|AC  0|TAMS 0x0000000085f00000, 0x0000000085f00000|
|  60|0x0000000086000000, 0x0000000086000000, 0x0000000086100000|  0%| F|  |TS  0|AC  0|TAMS 0x0000000086000000, 0x0000000086000000|
|  61|0x0000000086100000, 0x0000000086100000, 0x0000000086200000|  0%| F|  |TS  0|AC  0|TAMS 0x0000000086100000, 0x0000000086100000|
|  62|0x0000000086200000, 0x0000000086200000, 0x0000000086300000|  0%| F|  |TS  0|AC  0|TAMS 0x0000000086200000, 0x0000000086200000|
|  63|0x0000000086300000, 0x0000000086300000, 0x0000000086400000|  0%| F|  |TS  0|AC  0|TAMS 0x0000000086300000, 0x0000000086300000|
|  64|0x0000000086400000, 0x0000000086400000, 0x0000000086500000|  0%| F|  |TS  0|AC  0|TAMS 0x0000000086400000, 0x0000000086400000|
|  65|0x0000000086500000, 0x0000000086500000, 0x0000000086600000|  0%| F|  |TS  0|AC  0|TAMS 0x0000000086500000, 0x0000000086500000|
|  66|0x0000000086600000, 0x0000000086600000, 0x0000000086700000|  0%| F|  |TS  0|AC  0|TAMS 0x0000000086600000, 0x0000000086600000|
|  67|0x0000000086700000, 0x0000000086700000, 0x0000000086800000|  0%| F|  |TS  0|AC  0|TAMS 0x0000000086700000, 0x0000000086700000|
|  68|0x0000000086800000, 0x0000000086800000, 0x0000000086900000|  0%| F|  |TS  0|AC  0|TAMS 0x0000000086800000, 0x0000000086800000|
|  69|0x0000000086900000, 0x0000000086900000, 0x0000000086a00000|  0%| F|  |TS  0|AC  0|TAMS 0x0000000086900000, 0x0000000086900000|
|  70|0x0000000086a00000, 0x0000000086a00000, 0x0000000086b00000|  0%| F|  |TS  0|AC  0|TAMS 0x0000000086a00000, 0x0000000086a00000|
|  71|0x0000000086b00000, 0x0000000086b00000, 0x0000000086c00000|  0%| F|  |TS  0|AC  0|TAMS 0x0000000086b00000, 0x0000000086b00000|
|  72|0x0000000086c00000, 0x0000000086c00000, 0x0000000086d00000|  0%| F|  |TS  0|AC  0|TAMS 0x0000000086c00000, 0x0000000086c00000|
|  73|0x0000000086d00000, 0x0000000086d00000, 0x0000000086e00000|  0%| F|  |TS  0|AC  0|TAMS 0x0000000086d00000, 0x0000000086d00000|
|  74|0x0000000086e00000, 0x0000000086e00000, 0x0000000086f00000|  0%| F|  |TS  0|AC  0|TAMS 0x0000000086e00000, 0x0000000086e00000|
|  75|0x0000000086f00000, 0x0000000086f00000, 0x0000000087000000|  0%| F|  |TS  0|AC  0|TAMS 0x0000000086f00000, 0x0000000086f00000|
|  76|0x0000000087000000, 0x0000000087000000, 0x0000000087100000|  0%| F|  |TS  0|AC  0|TAMS 0x0000000087000000, 0x0000000087000000|
|  77|0x0000000087100000, 0x0000000087100000, 0x0000000087200000|  0%| F|  |TS  0|AC  0|TAMS 0x0000000087100000, 0x0000000087100000|
|  78|0x0000000087200000, 0x0000000087200000, 0x0000000087300000|  0%| F|  |TS  0|AC  0|TAMS 0x0000000087200000, 0x0000000087200000|
|  79|0x0000000087300000, 0x0000000087300000, 0x0000000087400000|  0%| F|  |TS  0|AC  0|TAMS 0x0000000087300000, 0x0000000087300000|
|  80|0x0000000087400000, 0x0000000087400000, 0x0000000087500000|  0%| F|  |TS  0|AC  0|TAMS 0x0000000087400000, 0x0000000087400000|
|  81|0x0000000087500000, 0x0000000087500000, 0x0000000087600000|  0%| F|  |TS  0|AC  0|TAMS 0x0000000087500000, 0x0000000087500000|
|  82|0x0000000087600000, 0x0000000087600000, 0x0000000087700000|  0%| F|  |TS  0|AC  0|TAMS 0x0000000087600000, 0x0000000087600000|
|  83|0x0000000087700000, 0x0000000087700000, 0x0000000087800000|  0%| F|  |TS  0|AC  0|TAMS 0x0000000087700000, 0x0000000087700000|
|  84|0x0000000087800000, 0x0000000087800000, 0x0000000087900000|  0%| F|  |TS  0|AC  0|TAMS 0x0000000087800000, 0x0000000087800000|
|  85|0x0000000087900000, 0x0000000087900000, 0x0000000087a00000|  0%| F|  |TS  0|AC  0|TAMS 0x0000000087900000, 0x0000000087900000|
|  86|0x0000000087a00000, 0x0000000087a00000, 0x0000000087b00000|  0%| F|  |TS  0|AC  0|TAMS 0x0000000087a00000, 0x0000000087a00000|
|  87|0x0000000087b00000, 0x0000000087b00000, 0x0000000087c00000|  0%| F|  |TS  0|AC  0|TAMS 0x0000000087b00000, 0x0000000087b00000|
|  88|0x0000000087c00000, 0x0000000087c00000, 0x0000000087d00000|  0%| F|  |TS  0|AC  0|TAMS 0x0000000087c00000, 0x0000000087c00000|
|  89|0x0000000087d00000, 0x0000000087d00000, 0x0000000087e00000|  0%| F|  |TS  0|AC  0|TAMS 0x0000000087d00000, 0x0000000087d00000|
|  90|0x0000000087e00000, 0x0000000087e00000, 0x0000000087f00000|  0%| F|  |TS  0|AC  0|TAMS 0x0000000087e00000, 0x0000000087e00000|
|  91|0x0000000087f00000, 0x0000000087f00000, 0x0000000088000000|  0%| F|  |TS  0|AC  0|TAMS 0x0000000087f00000, 0x0000000087f00000|
|  92|0x0000000088000000, 0x0000000088000000, 0x0000000088100000|  0%| F|  |TS  0|AC  0|TAMS 0x0000000088000000, 0x0000000088000000|
|  93|0x0000000088100000, 0x0000000088100000, 0x0000000088200000|  0%| F|  |TS  0|AC  0|TAMS 0x0000000088100000, 0x0000000088100000|
|  94|0x0000000088200000, 0x0000000088200000, 0x0000000088300000|  0%| F|  |TS  0|AC  0|TAMS 0x0000000088200000, 0x0000000088200000|
|  95|0x0000000088300000, 0x0000000088300000, 0x0000000088400000|  0%| F|  |TS  0|AC  0|TAMS 0x0000000088300000, 0x0000000088300000|
|  96|0x0000000088400000, 0x0000000088400000, 0x0000000088500000|  0%| F|  |TS  0|AC  0|TAMS 0x0000000088400000, 0x0000000088400000|
|  97|0x0000000088500000, 0x0000000088500000, 0x0000000088600000|  0%| F|  |TS  0|AC  0|TAMS 0x0000000088500000, 0x0000000088500000|
|  98|0x0000000088600000, 0x0000000088600000, 0x0000000088700000|  0%| F|  |TS  0|AC  0|TAMS 0x0000000088600000, 0x0000000088600000|
|  99|0x0000000088700000, 0x0000000088700000, 0x0000000088800000|  0%| F|  |TS  0|AC  0|TAMS 0x0000000088700000, 0x0000000088700000|
| 100|0x0000000088800000, 0x0000000088800000, 0x0000000088900000|  0%| F|  |TS  0|AC  0|TAMS 0x0000000088800000, 0x0000000088800000|
| 101|0x0000000088900000, 0x0000000088900000, 0x0000000088a00000|  0%| F|  |TS  0|AC  0|TAMS 0x0000000088900000, 0x0000000088900000|
| 102|0x0000000088a00000, 0x0000000088a00000, 0x0000000088b00000|  0%| F|  |TS  0|AC  0|TAMS 0x0000000088a00000, 0x0000000088a00000|
| 103|0x0000000088b00000, 0x0000000088b00000, 0x0000000088c00000|  0%| F|  |TS  0|AC  0|TAMS 0x0000000088b00000, 0x0000000088b00000|
| 104|0x0000000088c00000, 0x0000000088c00000, 0x0000000088d00000|  0%| F|  |TS  0|AC  0|TAMS 0x0000000088c00000, 0x0000000088c00000|
| 105|0x0000000088d00000, 0x0000000088d00000, 0x0000000088e00000|  0%| F|  |TS  0|AC  0|TAMS 0x0000000088d00000, 0x0000000088d00000|
| 106|0x0000000088e00000, 0x0000000088e00000, 0x0000000088f00000|  0%| F|  |TS  0|AC  0|TAMS 0x0000000088e00000, 0x0000000088e00000|
| 107|0x0000000088f00000, 0x0000000088f00000, 0x0000000089000000|  0%| F|  |TS  0|AC  0|TAMS 0x0000000088f00000, 0x0000000088f00000|
| 108|0x0000000089000000, 0x0000000089000000, 0x0000000089100000|  0%| F|  |TS  0|AC  0|TAMS 0x0000000089000000, 0x0000000089000000|
| 109|0x0000000089100000, 0x0000000089100000, 0x0000000089200000|  0%| F|  |TS  0|AC  0|TAMS 0x0000000089100000, 0x0000000089100000|
| 110|0x0000000089200000, 0x0000000089200000, 0x0000000089300000|  0%| F|  |TS  0|AC  0|TAMS 0x0000000089200000, 0x0000000089200000|
| 111|0x0000000089300000, 0x0000000089300000, 0x0000000089400000|  0%| F|  |TS  0|AC  0|TAMS 0x0000000089300000, 0x0000000089300000|
| 112|0x0000000089400000, 0x0000000089400000, 0x0000000089500000|  0%| F|  |TS  0|AC  0|TAMS 0x0000000089400000, 0x0000000089400000|
| 113|0x0000000089500000, 0x0000000089500000, 0x0000000089600000|  0%| F|  |TS  0|AC  0|TAMS 0x0000000089500000, 0x0000000089500000|
| 114|0x0000000089600000, 0x0000000089600000, 0x0000000089700000|  0%| F|  |TS  0|AC  0|TAMS 0x0000000089600000, 0x0000000089600000|
| 115|0x0000000089700000, 0x0000000089700000, 0x0000000089800000|  0%| F|  |TS  0|AC  0|TAMS 0x0000000089700000, 0x0000000089700000|
| 116|0x0000000089800000, 0x0000000089800000, 0x0000000089900000|  0%| F|  |TS  0|AC  0|TAMS 0x0000000089800000, 0x0000000089800000|
| 117|0x0000000089900000, 0x0000000089900000, 0x0000000089a00000|  0%| F|  |TS  0|AC  0|TAMS 0x0000000089900000, 0x0000000089900000|
| 118|0x0000000089a00000, 0x0000000089a00000, 0x0000000089b00000|  0%| F|  |TS  0|AC  0|TAMS 0x0000000089a00000, 0x0000000089a00000|
| 119|0x0000000089b00000, 0x0000000089b00000, 0x0000000089c00000|  0%| F|  |TS  0|AC  0|TAMS 0x0000000089b00000, 0x0000000089b00000|
| 120|0x0000000089c00000, 0x0000000089c00000, 0x0000000089d00000|  0%| F|  |TS  0|AC  0|TAMS 0x0000000089c00000, 0x0000000089c00000|
| 121|0x0000000089d00000, 0x0000000089d00000, 0x0000000089e00000|  0%| F|  |TS  0|AC  0|TAMS 0x0000000089d00000, 0x0000000089d00000|
| 122|0x0000000089e00000, 0x0000000089e00000, 0x0000000089f00000|  0%| F|  |TS  0|AC  0|TAMS 0x0000000089e00000, 0x0000000089e00000|
| 123|0x0000000089f00000, 0x0000000089f48308, 0x000000008a000000| 28%| E|  |TS  0|AC  0|TAMS 0x0000000089f00000, 0x0000000089f00000|
| 124|0x000000008a000000, 0x000000008a100000, 0x000000008a100000|100%| E|CS|TS  0|AC  0|TAMS 0x000000008a000000, 0x000000008a000000|
| 125|0x000000008a100000, 0x000000008a200000, 0x000000008a200000|100%| E|CS|TS  0|AC  0|TAMS 0x000000008a100000, 0x000000008a100000|

Card table byte_map: [0x0000019e41840000,0x0000019e41c30000] byte_map_base: 0x0000019e4142e000

Marking Bits (Prev, Next): (CMBitMap*) 0x0000019e255fe500, (CMBitMap*) 0x0000019e255fe538
 Prev Bits: [0x0000019e42020000, 0x0000019e43f90000)
 Next Bits: [0x0000019e43f90000, 0x0000019e45f00000)

Polling page: 0x0000019e25790000

CodeHeap 'non-profiled nmethods': size=120064Kb used=51Kb max_used=51Kb free=120012Kb
 bounds [0x0000019e39500000, 0x0000019e39770000, 0x0000019e40a40000]
CodeHeap 'profiled nmethods': size=120000Kb used=224Kb max_used=224Kb free=119775Kb
 bounds [0x0000019e31fd0000, 0x0000019e32240000, 0x0000019e39500000]
CodeHeap 'non-nmethods': size=5696Kb used=1150Kb max_used=1158Kb free=4545Kb
 bounds [0x0000019e31a40000, 0x0000019e31cb0000, 0x0000019e31fd0000]
 total_blobs=497 nmethods=171 adapters=179
 compilation: enabled

Compilation events (10 events):
Event: 0.194 Thread 0x0000019e48e12800 nmethod 168 0x0000019e32006a10 code [0x0000019e32006bc0, 0x0000019e32006d70]
Event: 0.194 Thread 0x0000019e48e12800  164       3       java.util.TreeMap::parentOf (13 bytes)
Event: 0.194 Thread 0x0000019e48e12800 nmethod 164 0x0000019e32006e10 code [0x0000019e32006fc0, 0x0000019e32007158]
Event: 0.194 Thread 0x0000019e48e12800  169       3       java.lang.AbstractStringBuilder::append (45 bytes)
Event: 0.194 Thread 0x0000019e48e11000 nmethod 158 0x0000019e3950c790 code [0x0000019e3950c920, 0x0000019e3950cad8]
Event: 0.195 Thread 0x0000019e48e12800 nmethod 169 0x0000019e32007210 code [0x0000019e32007420, 0x0000019e32007c00]
Event: 0.216 Thread 0x0000019e48e12800  170       1       java.net.URL::getProtocol (5 bytes)
Event: 0.216 Thread 0x0000019e48e12800 nmethod 170 0x0000019e3950cc10 code [0x0000019e3950cdc0, 0x0000019e3950ced8]
Event: 0.219 Thread 0x0000019e48e12800  171       3       java.lang.System::getSecurityManager (4 bytes)
Event: 0.219 Thread 0x0000019e48e12800 nmethod 171 0x0000019e32007e10 code [0x0000019e32007fc0, 0x0000019e320080f8]

GC Heap History (0 events):
No events

Deoptimization events (0 events):
No events

Classes redefined (3 events):
Event: 27.539 Thread 0x0000019e48d94000 redefined class name=Slution, count=1
Event: 104.038 Thread 0x0000019e48d94000 redefined class name=Slution, count=2
Event: 130.366 Thread 0x0000019e48d94000 redefined class name=Slution, count=3

Internal exceptions (0 events):
No events

Events (10 events):
Event: 130.367 Executing VM operation: GetOrSetLocal done
Event: 130.398 Executing VM operation: ChangeBreakpoints
Event: 130.398 Executing VM operation: ChangeBreakpoints done
Event: 130.400 Executing VM operation: ChangeBreakpoints
Event: 130.400 Executing VM operation: ChangeBreakpoints done
Event: 130.416 Executing VM operation: GetFrameCount
Event: 130.416 Executing VM operation: GetFrameCount done
Event: 130.416 Executing VM operation: GetFrameLocation
Event: 130.416 Executing VM operation: GetFrameLocation done
Event: 130.438 Executing VM operation: GetOrSetLocal


Dynamic libraries:
0x00007ff7e7460000 - 0x00007ff7e749e000 	C:\Program Files\Java\jdk-9\bin\java.exe
0x00007ffe769f0000 - 0x00007ffe76bcb000 	C:\Windows\SYSTEM32\ntdll.dll
0x00007ffe76880000 - 0x00007ffe7692e000 	C:\Windows\System32\KERNEL32.DLL
0x00007ffe72f70000 - 0x00007ffe731b9000 	C:\Windows\System32\KERNELBASE.dll
0x00007ffe761f0000 - 0x00007ffe76291000 	C:\Windows\System32\ADVAPI32.dll
0x00007ffe76150000 - 0x00007ffe761ed000 	C:\Windows\System32\msvcrt.dll
0x00007ffe75390000 - 0x00007ffe753e9000 	C:\Windows\System32\sechost.dll
0x00007ffe75a00000 - 0x00007ffe75b25000 	C:\Windows\System32\RPCRT4.dll
0x00007ffe75850000 - 0x00007ffe7599a000 	C:\Windows\System32\USER32.dll
0x00007ffe731c0000 - 0x00007ffe731de000 	C:\Windows\System32\win32u.dll
0x00007ffe766b0000 - 0x00007ffe766d7000 	C:\Windows\System32\GDI32.dll
0x00007ffe73440000 - 0x00007ffe735c7000 	C:\Windows\System32\gdi32full.dll
0x00007ffe732a0000 - 0x00007ffe7333a000 	C:\Windows\System32\msvcp_win.dll
0x00007ffe73340000 - 0x00007ffe73436000 	C:\Windows\System32\ucrtbase.dll
0x00007ffe63180000 - 0x00007ffe633e7000 	C:\Windows\WinSxS\amd64_microsoft.windows.common-controls_6595b64144ccf1df_6.0.15063.483_none_26002d27e7c744a2\COMCTL32.dll
0x00007ffe762a0000 - 0x00007ffe76599000 	C:\Windows\System32\combase.dll
0x00007ffe731e0000 - 0x00007ffe7324a000 	C:\Windows\System32\bcryptPrimitives.dll
0x00007ffe61600000 - 0x00007ffe6160a000 	C:\Windows\SYSTEM32\VERSION.dll
0x00007ffe75600000 - 0x00007ffe7562d000 	C:\Windows\System32\IMM32.DLL
0x00007ffe47240000 - 0x00007ffe4732f000 	C:\Program Files\Java\jdk-9\bin\msvcr120.dll
0x00007ffe46dd0000 - 0x00007ffe46e76000 	C:\Program Files\Java\jdk-9\bin\msvcp120.dll
0x0000000050b40000 - 0x000000005156a000 	C:\Program Files\Java\jdk-9\bin\server\jvm.dll
0x00007ffe755f0000 - 0x00007ffe755f8000 	C:\Windows\System32\PSAPI.DLL
0x00007ffe5da50000 - 0x00007ffe5da59000 	C:\Windows\SYSTEM32\WSOCK32.dll
0x00007ffe75c30000 - 0x00007ffe75c9c000 	C:\Windows\System32\WS2_32.dll
0x00007ffe70170000 - 0x00007ffe70193000 	C:\Windows\SYSTEM32\WINMM.dll
0x00007ffe70140000 - 0x00007ffe7016b000 	C:\Windows\SYSTEM32\WINMMBASE.dll
0x00007ffe73250000 - 0x00007ffe73299000 	C:\Windows\System32\cfgmgr32.dll
0x00007ffe70220000 - 0x00007ffe7022f000 	C:\Program Files\Java\jdk-9\bin\verify.dll
0x00007ffe6b980000 - 0x00007ffe6b9a7000 	C:\Program Files\Java\jdk-9\bin\java.dll
0x00007ffe60e80000 - 0x00007ffe60eb6000 	C:\Program Files\Java\jdk-9\bin\jdwp.dll
0x00007ffe6e580000 - 0x00007ffe6e596000 	C:\Program Files\Java\jdk-9\bin\zip.dll
0x00007ffe6fff0000 - 0x00007ffe6fffa000 	C:\Program Files\Java\jdk-9\bin\jimage.dll
0x00007ffe73f50000 - 0x00007ffe75387000 	C:\Windows\System32\SHELL32.dll
0x00007ffe75630000 - 0x00007ffe756da000 	C:\Windows\System32\shcore.dll
0x00007ffe73850000 - 0x00007ffe73f41000 	C:\Windows\System32\windows.storage.dll
0x00007ffe75b30000 - 0x00007ffe75b81000 	C:\Windows\System32\shlwapi.dll
0x00007ffe72e80000 - 0x00007ffe72e91000 	C:\Windows\System32\kernel.appcore.dll
0x00007ffe72ec0000 - 0x00007ffe72f0c000 	C:\Windows\System32\powrprof.dll
0x00007ffe72e60000 - 0x00007ffe72e75000 	C:\Windows\System32\profapi.dll
0x00007ffe67320000 - 0x00007ffe6733a000 	C:\Program Files\Java\jdk-9\bin\net.dll
0x00007ffe61e20000 - 0x00007ffe61ef6000 	C:\Windows\SYSTEM32\WINHTTP.dll
0x00007ffe72710000 - 0x00007ffe7276c000 	C:\Windows\system32\mswsock.dll
0x00007ffe67290000 - 0x00007ffe672a1000 	C:\Program Files\Java\jdk-9\bin\nio.dll
0x00007ffe66cc0000 - 0x00007ffe66cca000 	C:\Program Files\Java\jdk-9\bin\dt_socket.dll
0x00007ffe61450000 - 0x00007ffe615f9000 	C:\Windows\SYSTEM32\dbghelp.dll

VM Arguments:
jvm_args: -agentlib:jdwp=transport=dt_socket,address=127.0.0.1:58175,suspend=y,server=n -Dfile.encoding=UTF-8 
java_command: Main
java_class_path (initial): C:\Users\ztx\LeetcodeSloution\Medium\out\production\ReverseInteger;D:\IntelliJ IDEA Community Edition 2017.3.4\plugins\Kotlin\kotlinc\lib\kotlin-stdlib.jar;D:\IntelliJ IDEA Community Edition 2017.3.4\plugins\Kotlin\kotlinc\lib\kotlin-reflect.jar;D:\IntelliJ IDEA Community Edition 2017.3.4\plugins\Kotlin\kotlinc\lib\kotlin-test.jar;D:\IntelliJ IDEA Community Edition 2017.3.4\plugins\Kotlin\kotlinc\lib\kotlin-stdlib-jdk7.jar;D:\IntelliJ IDEA Community Edition 2017.3.4\plugins\Kotlin\kotlinc\lib\kotlin-stdlib-jdk8.jar;D:\IntelliJ IDEA Community Edition 2017.3.4\lib\idea_rt.jar
Launcher Type: SUN_STANDARD

Logging:
Log output configuration:
#0: stdout all=warning uptime,level,tags
#1: stderr all=off uptime,level,tags

Environment Variables:
CLASSPATH=.;%JAVA_HOME%\lib;%JAVA_HOME%\lib\tools.jar
PATH=C:\ProgramData\Oracle\Java\javapath;C:\Program Files (x86)\Intel\iCLS Client\;C:\Program Files\Intel\iCLS Client\;C:\Windows\system32;C:\Windows;C:\Windows\System32\Wbem;C:\Windows\System32\WindowsPowerShell\v1.0\;C:\Program Files (x86)\NVIDIA Corporation\PhysX\Common;C:\Program Files (x86)\Intel\Intel(R) Management Engine Components\DAL;C:\Program Files\Intel\Intel(R) Management Engine Components\DAL;C:\Program Files (x86)\Intel\Intel(R) Management Engine Components\IPT;C:\Program Files\Intel\Intel(R) Management Engine Components\IPT;C:\Program Files\Intel\WiFi\bin\;C:\Program Files\Common Files\Intel\WirelessCommon\;C:\Program Files\Microsoft SQL Server\130\Tools\Binn\;C:\Program Files (x86)\Microsoft SQL Server\100\Tools\Binn\;C:\Program Files\Microsoft SQL Server\100\Tools\Binn\;C:\Program Files\Microsoft SQL Server\100\DTS\Binn\;D:\python3;D:\python3\Scripts\;C:\Users\ztx\AppData\Local\Programs\Python\Python36;"C:\Program Files\Apache Software Foundation\Tomcat 9.0\lib;C:\Program Files\Apache Software Foundation\Tomcat 9.0\bin";C:\Windows\system32\config\systemprofile\.dnx\bin;C:\Program Files\Microsoft DNX\Dnvm\;C:\Program Files\Git\cmd;C:\Program Files\MySQL\MySQL Utilities 1.6\;C:\Program Files\MySQL\MySQL Server 5.7\bin;C:\Windows\Microsoft.NET\Framework\v4.0.30319;D:\openssh\bin;D:\openssh\bin;D:\MATLAB\bin;D:\Program Files\MATLAB\R2016a\runtime\win64;D:\Program Files\MATLAB\R2016a\bin;D:\Program Files\MATLAB\R2016a\polyspace\bin;D:\python3\lib\site-packages\django\bin;C:\Program Files\Microsoft SQL Server\Client SDK\ODBC\130\Tools\Binn\;C:\Program Files (x86)\Microsoft SQL Server\140\Tools\Binn\;C:\Program Files\Microsoft SQL Server\140\Tools\Binn\;C:\Program Files\Microsoft SQL Server\140\DTS\Binn\;D:\Program Files\Microsoft SQL Server\MSSQL14.SQLEXPRESS01\MSSQL\Binn;C:\Program Files (x86)\Microsoft SQL Server\Client SDK\ODBC\130\Tools\Binn\;C:\Program Files (x86)\Microsoft SQL Server\140\DTS\Binn\;C:\Program Files (x86)\Microsoft SQL Server\140\Tools\
USERNAME=ztx
OS=Windows_NT
PROCESSOR_IDENTIFIER=Intel64 Family 6 Model 158 Stepping 9, GenuineIntel



---------------  S Y S T E M  ---------------

OS: Windows 10 , 64 bit Build 15063 (10.0.15063.296)

CPU:total 4 (initial active 4) (4 cores per cpu, 1 threads per core) family 6 model 158 stepping 9, cmov, cx8, fxsr, mmx, sse, sse2, sse3, ssse3, sse4.1, sse4.2, popcnt, avx, avx2, aes, clmul, erms, 3dnowpref, lzcnt, tsc, tscinvbit, bmi1, bmi2, adx, fma

Memory: 4k page, physical 8239884k(2182904k free), swap 17152780k(8574284k free)

vm_info: Java HotSpot(TM) 64-Bit Server VM (9+181) for windows-amd64 JRE (9+181), built on Aug  2 2017 21:30:51 by "javare" with MS VC++ 12.0 (VS2013)

END.
